2024-11-13 23:59:33.851  INFO 51044 --- [main] (system) com.dzc.MonitorServerApplication         : Starting MonitorServerApplication using Java 17.0.9 with PID 51044 (D:\projects\IDEAProject2\net-monitor\monitor-server\target\classes started by dzc in D:\projects\IDEAProject2\net-monitor)
2024-11-13 23:59:33.852  INFO 51044 --- [main] (system) com.dzc.MonitorServerApplication         : The following 1 profile is active: "dev"
2024-11-13 23:59:34.396  INFO 51044 --- [main] (system) .s.d.r.c.RepositoryConfigurationDelegate : Multiple Spring Data modules found, entering strict repository configuration mode
2024-11-13 23:59:34.399  INFO 51044 --- [main] (system) .s.d.r.c.RepositoryConfigurationDelegate : Bootstrapping Spring Data Redis repositories in DEFAULT mode.
2024-11-13 23:59:34.418  INFO 51044 --- [main] (system) .s.d.r.c.RepositoryConfigurationDelegate : Finished Spring Data repository scanning in 7 ms. Found 0 Redis repository interfaces.
2024-11-13 23:59:34.953  INFO 51044 --- [main] (system) o.s.b.w.embedded.tomcat.TomcatWebServer  : Tomcat initialized with port(s): 8080 (http)
2024-11-13 23:59:34.960  INFO 51044 --- [main] (system) o.apache.catalina.core.StandardService   : Starting service [Tomcat]
2024-11-13 23:59:34.961  INFO 51044 --- [main] (system) o.apache.catalina.core.StandardEngine    : Starting Servlet engine: [Apache Tomcat/10.1.11]
2024-11-13 23:59:35.085  INFO 51044 --- [main] (system) o.a.c.c.C.[Tomcat].[localhost].[/]       : Initializing Spring embedded WebApplicationContext
2024-11-13 23:59:35.086  INFO 51044 --- [main] (system) w.s.c.ServletWebServerApplicationContext : Root WebApplicationContext: initialization completed in 1208 ms
2024-11-13 23:59:35.488  WARN 51044 --- [main] (system) c.b.m.core.metadata.TableInfoHelper      : Can not find table primary key in Class: "com.dzc.entity.dto.AccountMonitorSetting".
2024-11-13 23:59:35.488  WARN 51044 --- [main] (system) c.b.m.core.injector.DefaultSqlInjector   : class com.dzc.entity.dto.AccountMonitorSetting ,Not found @TableId annotation, Cannot use Mybatis-Plus 'xxById' Method.
2024-11-13 23:59:35.907  INFO 51044 --- [main] (system) com.zaxxer.hikari.HikariDataSource       : HikariPool-1 - Starting...
2024-11-13 23:59:36.070  INFO 51044 --- [main] (system) com.zaxxer.hikari.pool.HikariPool        : HikariPool-1 - Added connection com.mysql.cj.jdbc.ConnectionImpl@6ad198c9
2024-11-13 23:59:36.071  INFO 51044 --- [main] (system) com.zaxxer.hikari.HikariDataSource       : HikariPool-1 - Start completed.
2024-11-13 23:59:36.445  INFO 51044 --- [main] (system) o.s.s.web.DefaultSecurityFilterChain     : Will secure any request with [org.springframework.security.web.session.DisableEncodeUrlFilter@3ff3275b, org.springframework.security.web.context.request.async.WebAsyncManagerIntegrationFilter@63e0057a, org.springframework.security.web.context.SecurityContextHolderFilter@1d9bd4d6, org.springframework.security.web.header.HeaderWriterFilter@14b4d90b, org.springframework.security.web.authentication.logout.LogoutFilter@786cc1df, com.dzc.filter.JwtAuthenticationFilter@17fb5184, com.dzc.filter.RequestLogFilter@1c5fd813, org.springframework.security.web.authentication.UsernamePasswordAuthenticationFilter@10466c55, org.springframework.security.web.savedrequest.RequestCacheAwareFilter@377cbdae, org.springframework.security.web.servletapi.SecurityContextHolderAwareRequestFilter@122ea8dc, org.springframework.security.web.authentication.AnonymousAuthenticationFilter@5b76b891, org.springframework.security.web.session.SessionManagementFilter@7962c1d5, org.springframework.security.web.access.ExceptionTranslationFilter@19c06762, org.springframework.security.web.access.intercept.AuthorizationFilter@10e4ce98]
2024-11-13 23:59:36.660  WARN 51044 --- [main] (system) ocalVariableTableParameterNameDiscoverer : Using deprecated '-debug' fallback for parameter name resolution. Compile the affected code with '-parameters' instead or avoid its introspection: org.springframework.amqp.rabbit.core.RabbitAdmin
2024-11-13 23:59:36.697  INFO 51044 --- [main] (system) o.s.b.w.embedded.tomcat.TomcatWebServer  : Tomcat started on port(s): 8080 (http) with context path ''
2024-11-13 23:59:36.699  INFO 51044 --- [main] (system) o.s.a.r.c.CachingConnectionFactory       : Attempting to connect to: [localhost:5672]
2024-11-13 23:59:36.738  INFO 51044 --- [main] (system) o.s.a.r.c.CachingConnectionFactory       : Created new connection: rabbitConnectionFactory#729d6ee2:0/SimpleConnection@2784145d [delegate=amqp://admin@127.0.0.1:5672/, localPort=59988]
2024-11-13 23:59:36.772  INFO 51044 --- [main] (system) com.dzc.MonitorServerApplication         : Started MonitorServerApplication in 3.291 seconds (process running for 3.739)
2024-11-13 23:59:40.400  INFO 51044 --- [http-nio-8080-exec-1] (system) o.a.c.c.C.[Tomcat].[localhost].[/]       : Initializing Spring DispatcherServlet 'dispatcherServlet'
2024-11-13 23:59:40.400  INFO 51044 --- [http-nio-8080-exec-1] (system) o.s.web.servlet.DispatcherServlet        : Initializing Servlet 'dispatcherServlet'
2024-11-13 23:59:40.400  INFO 51044 --- [http-nio-8080-exec-1] (system) o.s.web.servlet.DispatcherServlet        : Completed initialization in 0 ms
2024-11-13 23:59:40.705  INFO 51044 --- [http-nio-8080-exec-1] (169557551489355776) com.dzc.filter.RequestLogFilter          : 请求URL: "/monitor/detail" (POST) | 远程IP地址: 127.0.0.1 │ 身份: 未验证 | 请求参数列表: {}
2024-11-13 23:59:40.894  INFO 51044 --- [http-nio-8080-exec-1] (169557551489355776) com.dzc.filter.RequestLogFilter          : 请求处理耗时: 190ms | 响应结果: {"id":169557551489355776,"code":200,"data":null,"message":"请求成功"}
2024-11-13 23:59:53.705  INFO 51044 --- [http-nio-8080-exec-2] (169557606019502080) com.dzc.filter.RequestLogFilter          : 请求URL: "/monitor/port" (POST) | 远程IP地址: 127.0.0.1 │ 身份: 未验证 | 请求参数列表: {}
2024-11-13 23:59:53.714  INFO 51044 --- [http-nio-8080-exec-2] (169557606019502080) com.dzc.filter.RequestLogFilter          : 请求处理耗时: 9ms | 响应结果: {"id":169557606019502080,"code":200,"data":null,"message":"请求成功"}
